<?xml version="1.0" encoding="UTF-8"?>
<testng-results ignored="0" total="7" passed="7" failed="0" skipped="0">
  <reporter-output>
    <line>
      <![CDATA[Browser is launched and url is navigated]]>
    </line>
    <line>
      <![CDATA[LoginPage is successfully displayed]]>
    </line>
    <line>
      <![CDATA[Successfully Entered the number]]>
    </line>
    <line>
      <![CDATA[Successfully logged in]]>
    </line>
    <line>
      <![CDATA[Successfully Clicked on Services Link]]>
    </line>
    <line>
      <![CDATA[Yes options are displayed]]>
    </line>
    <line>
      <![CDATA[Yes options are displayed]]>
    </line>
    <line>
      <![CDATA[Browser is launched and url is navigated]]>
    </line>
    <line>
      <![CDATA[LoginPage is successfully displayed]]>
    </line>
    <line>
      <![CDATA[Successfully Entered the number]]>
    </line>
    <line>
      <![CDATA[Successfully logged in]]>
    </line>
    <line>
      <![CDATA[Successfully Clicked on Services Link]]>
    </line>
    <line>
      <![CDATA[Yes options are displayed]]>
    </line>
    <line>
      <![CDATA[Royale Glitz Page should be Displayed]]>
    </line>
    <line>
      <![CDATA[Browser is launched and url is navigated]]>
    </line>
    <line>
      <![CDATA[LoginPage is successfully displayed]]>
    </line>
    <line>
      <![CDATA[Successfully Entered the number]]>
    </line>
    <line>
      <![CDATA[Successfully logged in]]>
    </line>
    <line>
      <![CDATA[Successfully Clicked on Services Link]]>
    </line>
    <line>
      <![CDATA[Yes options are displayed]]>
    </line>
    <line>
      <![CDATA[Successfully Clicked on Services Link]]>
    </line>
    <line>
      <![CDATA[Done]]>
    </line>
    <line>
      <![CDATA[Browser is launched and url is navigated]]>
    </line>
    <line>
      <![CDATA[LoginPage is successfully displayed]]>
    </line>
    <line>
      <![CDATA[Successfully Entered the number]]>
    </line>
    <line>
      <![CDATA[Successfully logged in]]>
    </line>
    <line>
      <![CDATA[Successfully Clicked on Services Link]]>
    </line>
    <line>
      <![CDATA[Yes options are displayed]]>
    </line>
    <line>
      <![CDATA[hello]]>
    </line>
    <line>
      <![CDATA[Browser is launched and url is navigated]]>
    </line>
    <line>
      <![CDATA[LoginPage is successfully displayed]]>
    </line>
    <line>
      <![CDATA[Successfully Entered the number]]>
    </line>
    <line>
      <![CDATA[Successfully logged in]]>
    </line>
    <line>
      <![CDATA[Successfully Clicked on Services Link]]>
    </line>
    <line>
      <![CDATA[Yes options are displayed]]>
    </line>
    <line>
      <![CDATA[hii]]>
    </line>
    <line>
      <![CDATA[Browser is launched and url is navigated]]>
    </line>
    <line>
      <![CDATA[LoginPage is successfully displayed]]>
    </line>
    <line>
      <![CDATA[Successfully Entered the number]]>
    </line>
    <line>
      <![CDATA[Successfully logged in]]>
    </line>
    <line>
      <![CDATA[Successfully Clicked on Services Link]]>
    </line>
    <line>
      <![CDATA[Yes options are displayed]]>
    </line>
    <line>
      <![CDATA[hii]]>
    </line>
    <line>
      <![CDATA[Browser is launched and url is navigated]]>
    </line>
    <line>
      <![CDATA[LoginPage is successfully displayed]]>
    </line>
    <line>
      <![CDATA[Successfully Entered the number]]>
    </line>
    <line>
      <![CDATA[Successfully logged in]]>
    </line>
    <line>
      <![CDATA[Successfully Clicked on Services Link]]>
    </line>
    <line>
      <![CDATA[Yes options are displayed]]>
    </line>
    <line>
      <![CDATA[hii]]>
    </line>
  </reporter-output>
  <suite started-at="2024-11-17T17:22:20 IST" name="Default suite" finished-at="2024-11-17T17:31:50 IST" duration-ms="570095">
    <groups>
      <group name="cucumber">
        <method signature="AbstractTestNGCucumberTests.runScenario(io.cucumber.testng.PickleWrapper,io.cucumber.testng.FeatureWrapper)[pri:0, instance:runners.CucumberRunner@36b4fe2a]" name="runScenario" class="io.cucumber.testng.AbstractTestNGCucumberTests"/>
      </group> <!-- cucumber -->
    </groups>
    <test started-at="2024-11-17T17:22:20 IST" name="Default test" finished-at="2024-11-17T17:31:50 IST" duration-ms="570095">
      <class name="runners.CucumberRunner">
        <test-method is-config="true" signature="setUpClass(org.testng.ITestContext)[pri:0, instance:runners.CucumberRunner@36b4fe2a]" started-at="2024-11-17T17:22:20 IST" name="setUpClass" finished-at="2024-11-17T17:22:21 IST" duration-ms="798" status="PASS">
          <params>
            <param index="0">
              <value>
                <![CDATA[org.testng.TestRunner@e3c36d]]>
              </value>
            </param>
          </params>
          <reporter-output>
          </reporter-output>
        </test-method> <!-- setUpClass -->
        <test-method signature="runScenario(io.cucumber.testng.PickleWrapper,io.cucumber.testng.FeatureWrapper)[pri:0, instance:runners.CucumberRunner@36b4fe2a]" started-at="2024-11-17T17:22:21 IST" name="runScenario" description="Runs Cucumber Scenarios" data-provider="scenarios" finished-at="2024-11-17T17:23:16 IST" duration-ms="54437" status="PASS">
          <params>
            <param index="0">
              <value>
                <![CDATA["To validate that user should be able to mouse hover on services"]]>
              </value>
            </param>
            <param index="1">
              <value>
                <![CDATA["user Action on AsianPaints"]]>
              </value>
            </param>
          </params>
          <reporter-output>
            <line>
              <![CDATA[Browser is launched and url is navigated]]>
            </line>
            <line>
              <![CDATA[LoginPage is successfully displayed]]>
            </line>
            <line>
              <![CDATA[Successfully Entered the number]]>
            </line>
            <line>
              <![CDATA[Successfully logged in]]>
            </line>
            <line>
              <![CDATA[Successfully Clicked on Services Link]]>
            </line>
            <line>
              <![CDATA[Yes options are displayed]]>
            </line>
            <line>
              <![CDATA[Yes options are displayed]]>
            </line>
          </reporter-output>
        </test-method> <!-- runScenario -->
        <test-method signature="runScenario(io.cucumber.testng.PickleWrapper,io.cucumber.testng.FeatureWrapper)[pri:0, instance:runners.CucumberRunner@36b4fe2a]" started-at="2024-11-17T17:23:16 IST" name="runScenario" description="Runs Cucumber Scenarios" data-provider="scenarios" finished-at="2024-11-17T17:24:25 IST" duration-ms="69933" status="PASS">
          <params>
            <param index="0">
              <value>
                <![CDATA["To Validate that user able to ScrollDown The WebPage until Interior Wall Painting ImageLink and Royale Glitz Page should be Displayed"]]>
              </value>
            </param>
            <param index="1">
              <value>
                <![CDATA["user Action on AsianPaints"]]>
              </value>
            </param>
          </params>
          <reporter-output>
            <line>
              <![CDATA[Browser is launched and url is navigated]]>
            </line>
            <line>
              <![CDATA[LoginPage is successfully displayed]]>
            </line>
            <line>
              <![CDATA[Successfully Entered the number]]>
            </line>
            <line>
              <![CDATA[Successfully logged in]]>
            </line>
            <line>
              <![CDATA[Successfully Clicked on Services Link]]>
            </line>
            <line>
              <![CDATA[Yes options are displayed]]>
            </line>
            <line>
              <![CDATA[Royale Glitz Page should be Displayed]]>
            </line>
          </reporter-output>
        </test-method> <!-- runScenario -->
        <test-method signature="runScenario(io.cucumber.testng.PickleWrapper,io.cucumber.testng.FeatureWrapper)[pri:0, instance:runners.CucumberRunner@36b4fe2a]" started-at="2024-11-17T17:24:25 IST" name="runScenario" description="Runs Cucumber Scenarios" data-provider="scenarios" finished-at="2024-11-17T17:25:51 IST" duration-ms="85494" status="PASS">
          <params>
            <param index="0">
              <value>
                <![CDATA["To validate That Find your perfect Wall Paint Product with a few clicks Page should Display."]]>
              </value>
            </param>
            <param index="1">
              <value>
                <![CDATA["user Action on AsianPaints"]]>
              </value>
            </param>
          </params>
          <reporter-output>
            <line>
              <![CDATA[Browser is launched and url is navigated]]>
            </line>
            <line>
              <![CDATA[LoginPage is successfully displayed]]>
            </line>
            <line>
              <![CDATA[Successfully Entered the number]]>
            </line>
            <line>
              <![CDATA[Successfully logged in]]>
            </line>
            <line>
              <![CDATA[Successfully Clicked on Services Link]]>
            </line>
            <line>
              <![CDATA[Yes options are displayed]]>
            </line>
            <line>
              <![CDATA[Successfully Clicked on Services Link]]>
            </line>
            <line>
              <![CDATA[Done]]>
            </line>
          </reporter-output>
        </test-method> <!-- runScenario -->
        <test-method signature="runScenario(io.cucumber.testng.PickleWrapper,io.cucumber.testng.FeatureWrapper)[pri:0, instance:runners.CucumberRunner@36b4fe2a]" started-at="2024-11-17T17:25:51 IST" name="runScenario" description="Runs Cucumber Scenarios" data-provider="scenarios" finished-at="2024-11-17T17:27:02 IST" duration-ms="70858" status="PASS">
          <params>
            <param index="0">
              <value>
                <![CDATA["To validate that Interior Design Budget Calculator Page should Display"]]>
              </value>
            </param>
            <param index="1">
              <value>
                <![CDATA["user Action on AsianPaints"]]>
              </value>
            </param>
          </params>
          <reporter-output>
            <line>
              <![CDATA[Browser is launched and url is navigated]]>
            </line>
            <line>
              <![CDATA[LoginPage is successfully displayed]]>
            </line>
            <line>
              <![CDATA[Successfully Entered the number]]>
            </line>
            <line>
              <![CDATA[Successfully logged in]]>
            </line>
            <line>
              <![CDATA[Successfully Clicked on Services Link]]>
            </line>
            <line>
              <![CDATA[Yes options are displayed]]>
            </line>
            <line>
              <![CDATA[hello]]>
            </line>
          </reporter-output>
        </test-method> <!-- runScenario -->
        <test-method signature="runScenario(io.cucumber.testng.PickleWrapper,io.cucumber.testng.FeatureWrapper)[pri:0, instance:runners.CucumberRunner@36b4fe2a]" started-at="2024-11-17T17:27:02 IST" name="runScenario" description="Runs Cucumber Scenarios" data-provider="scenarios" finished-at="2024-11-17T17:28:37 IST" duration-ms="95258" status="PASS">
          <params>
            <param index="0">
              <value>
                <![CDATA["Validate that user should be able to select multiple checkboxes."]]>
              </value>
            </param>
            <param index="1">
              <value>
                <![CDATA["user Action on AsianPaints"]]>
              </value>
            </param>
          </params>
          <reporter-output>
            <line>
              <![CDATA[Browser is launched and url is navigated]]>
            </line>
            <line>
              <![CDATA[LoginPage is successfully displayed]]>
            </line>
            <line>
              <![CDATA[Successfully Entered the number]]>
            </line>
            <line>
              <![CDATA[Successfully logged in]]>
            </line>
            <line>
              <![CDATA[Successfully Clicked on Services Link]]>
            </line>
            <line>
              <![CDATA[Yes options are displayed]]>
            </line>
            <line>
              <![CDATA[hii]]>
            </line>
          </reporter-output>
        </test-method> <!-- runScenario -->
        <test-method signature="runScenario(io.cucumber.testng.PickleWrapper,io.cucumber.testng.FeatureWrapper)[pri:0, instance:runners.CucumberRunner@36b4fe2a]" started-at="2024-11-17T17:28:37 IST" name="runScenario" description="Runs Cucumber Scenarios" data-provider="scenarios" finished-at="2024-11-17T17:30:19 IST" duration-ms="102256" status="PASS">
          <params>
            <param index="0">
              <value>
                <![CDATA["Validate that user should be able to select multiple checkboxes."]]>
              </value>
            </param>
            <param index="1">
              <value>
                <![CDATA["user Action on AsianPaints"]]>
              </value>
            </param>
          </params>
          <reporter-output>
            <line>
              <![CDATA[Browser is launched and url is navigated]]>
            </line>
            <line>
              <![CDATA[LoginPage is successfully displayed]]>
            </line>
            <line>
              <![CDATA[Successfully Entered the number]]>
            </line>
            <line>
              <![CDATA[Successfully logged in]]>
            </line>
            <line>
              <![CDATA[Successfully Clicked on Services Link]]>
            </line>
            <line>
              <![CDATA[Yes options are displayed]]>
            </line>
            <line>
              <![CDATA[hii]]>
            </line>
          </reporter-output>
        </test-method> <!-- runScenario -->
        <test-method signature="runScenario(io.cucumber.testng.PickleWrapper,io.cucumber.testng.FeatureWrapper)[pri:0, instance:runners.CucumberRunner@36b4fe2a]" started-at="2024-11-17T17:30:19 IST" name="runScenario" description="Runs Cucumber Scenarios" data-provider="scenarios" finished-at="2024-11-17T17:31:49 IST" duration-ms="89731" status="PASS">
          <params>
            <param index="0">
              <value>
                <![CDATA["Validate that user should be able to select multiple checkboxes."]]>
              </value>
            </param>
            <param index="1">
              <value>
                <![CDATA["user Action on AsianPaints"]]>
              </value>
            </param>
          </params>
          <reporter-output>
            <line>
              <![CDATA[Browser is launched and url is navigated]]>
            </line>
            <line>
              <![CDATA[LoginPage is successfully displayed]]>
            </line>
            <line>
              <![CDATA[Successfully Entered the number]]>
            </line>
            <line>
              <![CDATA[Successfully logged in]]>
            </line>
            <line>
              <![CDATA[Successfully Clicked on Services Link]]>
            </line>
            <line>
              <![CDATA[Yes options are displayed]]>
            </line>
            <line>
              <![CDATA[hii]]>
            </line>
          </reporter-output>
        </test-method> <!-- runScenario -->
        <test-method is-config="true" signature="tearDownClass()[pri:0, instance:runners.CucumberRunner@36b4fe2a]" started-at="2024-11-17T17:31:49 IST" name="tearDownClass" finished-at="2024-11-17T17:31:50 IST" duration-ms="1211" status="PASS">
          <reporter-output>
          </reporter-output>
        </test-method> <!-- tearDownClass -->
      </class> <!-- runners.CucumberRunner -->
    </test> <!-- Default test -->
  </suite> <!-- Default suite -->
</testng-results>
